0 info it worked if it ends with ok
1 verbose cli [ 'node', '/usr/local/bin/npm', 'install', 'boostrap@3' ]
2 info using npm@2.7.4
3 info using node@v0.12.2
4 silly cache add args [ 'boostrap@3', null ]
5 verbose cache add spec boostrap@3
6 silly cache add parsed spec { raw: 'boostrap@3',
6 silly cache add   scope: null,
6 silly cache add   name: 'boostrap',
6 silly cache add   rawSpec: '3',
6 silly cache add   spec: '>=3.0.0 <4.0.0',
6 silly cache add   type: 'range' }
7 verbose addNamed boostrap@>=3.0.0 <4.0.0
8 silly addNamed semver.valid null
9 silly addNamed semver.validRange >=3.0.0 <4.0.0
10 silly addNameRange { name: 'boostrap', range: '>=3.0.0 <4.0.0', hasData: false }
11 silly mapToRegistry name boostrap
12 silly mapToRegistry using default registry
13 silly mapToRegistry registry https://registry.npmjs.org/
14 silly mapToRegistry uri https://registry.npmjs.org/boostrap
15 verbose addNameRange registry:https://registry.npmjs.org/boostrap not in flight; fetching
16 verbose request uri https://registry.npmjs.org/boostrap
17 verbose request no auth needed
18 info attempt registry request try #1 at 11:34:34 AM
19 verbose request id f95ae1ca4cf1f5cc
20 http request GET https://registry.npmjs.org/boostrap
21 http 200 https://registry.npmjs.org/boostrap
22 silly get cb [ 200,
22 silly get   { server: 'nginx/1.10.1',
22 silly get     'content-type': 'application/json',
22 silly get     'last-modified': 'Tue, 21 Mar 2017 20:16:30 GMT',
22 silly get     etag: 'W/"58d18a1e-467"',
22 silly get     'content-encoding': 'gzip',
22 silly get     'cache-control': 'max-age=300',
22 silly get     'content-length': '560',
22 silly get     'accept-ranges': 'bytes',
22 silly get     date: 'Wed, 10 May 2017 18:34:34 GMT',
22 silly get     via: '1.1 varnish',
22 silly get     age: '0',
22 silly get     connection: 'keep-alive',
22 silly get     'x-served-by': 'cache-sjc3620-SJC',
22 silly get     'x-cache': 'MISS',
22 silly get     'x-cache-hits': '0',
22 silly get     'x-timer': 'S1494441275.773759,VS0,VE22',
22 silly get     vary: 'Accept-Encoding' } ]
23 verbose get saving boostrap to /Users/EmilyXie/.npm/registry.npmjs.org/boostrap/.cache.json
24 silly addNameRange number 2 { name: 'boostrap', range: '>=3.0.0 <4.0.0', hasData: true }
25 silly addNameRange versions [ 'boostrap', [ '1.0.0' ] ]
26 verbose stack Error: No compatible version found: boostrap@'>=3.0.0 <4.0.0'
26 verbose stack Valid install targets:
26 verbose stack ["1.0.0"]
26 verbose stack
26 verbose stack     at installTargetsError (/usr/local/lib/node_modules/npm/lib/cache/add-named.js:259:12)
26 verbose stack     at next (/usr/local/lib/node_modules/npm/lib/cache/add-named.js:238:17)
26 verbose stack     at setData (/usr/local/lib/node_modules/npm/lib/cache/add-named.js:215:5)
26 verbose stack     at RES (/usr/local/lib/node_modules/npm/node_modules/inflight/inflight.js:23:14)
26 verbose stack     at f (/usr/local/lib/node_modules/npm/node_modules/once/once.js:17:25)
26 verbose stack     at saved (/usr/local/lib/node_modules/npm/lib/cache/caching-client.js:173:7)
26 verbose stack     at FSReqWrap.oncomplete (fs.js:95:15)
27 verbose cwd /Users/EmilyXie/Development/School/ClubSecurity/app
28 error Darwin 16.5.0
29 error argv "node" "/usr/local/bin/npm" "install" "boostrap@3"
30 error node v0.12.2
31 error npm  v2.7.4
32 error code ETARGET
33 error notarget No compatible version found: boostrap@'>=3.0.0 <4.0.0'
33 error notarget Valid install targets:
33 error notarget ["1.0.0"]
33 error notarget
33 error notarget This is most likely not a problem with npm itself.
33 error notarget In most cases you or one of your dependencies are requesting
33 error notarget a package version that doesn't exist.
33 error notarget
33 error notarget It was specified as a dependency of 'ClubSecurity'
34 verbose exit [ 1, true ]
